2021-03-27 11:01:30 URL:http://ports.ubuntu.com/ubuntu-ports/dists/groovy/InRelease [266959/266959] -> "/home/jonathan/Qos/debootstrap/var/lib/apt/lists/partial/ports.ubuntu.com_ubuntu-ports_dists_groovy_InRelease" [1]
gpgv: Signature made Thu Oct 22 15:33:11 2020 BST
gpgv:                using RSA key 871920D1991BC93C
gpgv: Good signature from "Ubuntu Archive Automatic Signing Key (2018) <ftpmaster@ubuntu.com>"
2021-03-27 11:01:36 URL:http://ports.ubuntu.com/ubuntu-ports/dists/groovy/main/binary-arm64/by-hash/SHA256/3c4454d7963c3f4c0b06b5fe64f9bf1e5148eba15e492b983c378eda17b39213 [1344892/1344892] -> "/home/jonathan/Qos/debootstrap/var/lib/apt/lists/partial/ports.ubuntu.com_ubuntu-ports_dists_groovy_main_binary-arm64_Packages.xz" [1]
2021-03-27 11:01:39 URL:http://ports.ubuntu.com/ubuntu-ports/pool/main/a/adduser/adduser_3.118ubuntu2_all.deb [162792/162792] -> "/home/jonathan/Qos/debootstrap//var/cache/apt/archives/partial/adduser_3.118ubuntu2_all.deb" [1]
2021-03-27 11:01:39 URL:http://ports.ubuntu.com/ubuntu-ports/pool/main/a/apt/apt_2.1.10_arm64.deb [1247444/1247444] -> "/home/jonathan/Qos/debootstrap//var/cache/apt/archives/partial/apt_2.1.10_arm64.deb" [1]
2021-03-27 11:01:40 URL:http://ports.ubuntu.com/ubuntu-ports/pool/main/a/apt/apt-utils_2.1.10_arm64.deb [200320/200320] -> "/home/jonathan/Qos/debootstrap//var/cache/apt/archives/partial/apt-utils_2.1.10_arm64.deb" [1]
2021-03-27 11:01:40 URL:http://ports.ubuntu.com/ubuntu-ports/pool/main/b/base-files/base-files_11ubuntu14_arm64.deb [60388/60388] -> "/home/jonathan/Qos/debootstrap//var/cache/apt/archives/partial/base-files_11ubuntu14_arm64.deb" [1]
2021-03-27 11:01:40 URL:http://ports.ubuntu.com/ubuntu-ports/pool/main/b/base-passwd/base-passwd_3.5.47_arm64.deb [46992/46992] -> "/home/jonathan/Qos/debootstrap//var/cache/apt/archives/partial/base-passwd_3.5.47_arm64.deb" [1]
2021-03-27 11:01:40 URL:http://ports.ubuntu.com/ubuntu-ports/pool/main/b/bash/bash_5.0-6ubuntu2_arm64.deb [603196/603196] -> "/home/jonathan/Qos/debootstrap//var/cache/apt/archives/partial/bash_5.0-6ubuntu2_arm64.deb" [1]
2021-03-27 11:01:40 URL:http://ports.ubuntu.com/ubuntu-ports/pool/main/u/util-linux/bsdutils_2.36-3ubuntu1_arm64.deb [82788/82788] -> "/home/jonathan/Qos/debootstrap//var/cache/apt/archives/partial/bsdutils_1%3a2.36-3ubuntu1_arm64.deb" [1]
2021-03-27 11:01:40 URL:http://ports.ubuntu.com/ubuntu-ports/pool/main/b/bzip2/bzip2_1.0.8-4ubuntu2_arm64.deb [32396/32396] -> "/home/jonathan/Qos/debootstrap//var/cache/apt/archives/partial/bzip2_1.0.8-4ubuntu2_arm64.deb" [1]
2021-03-27 11:01:40 URL:http://ports.ubuntu.com/ubuntu-ports/pool/main/c/ca-certificates/ca-certificates_20200601_all.deb [146944/146944] -> "/home/jonathan/Qos/debootstrap//var/cache/apt/archives/partial/ca-certificates_20200601_all.deb" [1]
2021-03-27 11:01:41 URL:http://ports.ubuntu.com/ubuntu-ports/pool/main/c/console-setup/console-setup_1.195ubuntu2_all.deb [100428/100428] -> "/home/jonathan/Qos/debootstrap//var/cache/apt/archives/partial/console-setup_1.195ubuntu2_all.deb" [1]
2021-03-27 11:01:41 URL:http://ports.ubuntu.com/ubuntu-ports/pool/main/c/console-setup/console-setup-linux_1.195ubuntu2_all.deb [1494052/1494052] -> "/home/jonathan/Qos/debootstrap//var/cache/apt/archives/partial/console-setup-linux_1.195ubuntu2_all.deb" [1]
2021-03-27 11:01:41 URL:http://ports.ubuntu.com/ubuntu-ports/pool/main/c/coreutils/coreutils_8.32-3ubuntu1_arm64.deb [1257316/1257316] -> "/home/jonathan/Qos/debootstrap//var/cache/apt/archives/partial/coreutils_8.32-3ubuntu1_arm64.deb" [1]
2021-03-27 11:01:42 URL:http://ports.ubuntu.com/ubuntu-ports/pool/main/c/cron/cron_3.0pl1-136ubuntu1_arm64.deb [69724/69724] -> "/home/jonathan/Qos/debootstrap//var/cache/apt/archives/partial/cron_3.0pl1-136ubuntu1_arm64.deb" [1]
2021-03-27 11:01:42 URL:http://ports.ubuntu.com/ubuntu-ports/pool/main/d/dash/dash_0.5.10.2-7_arm64.deb [84224/84224] -> "/home/jonathan/Qos/debootstrap//var/cache/apt/archives/partial/dash_0.5.10.2-7_arm64.deb" [1]
2021-03-27 11:01:42 URL:http://ports.ubuntu.com/ubuntu-ports/pool/main/d/dbus/dbus_1.12.20-1ubuntu1_arm64.deb [142844/142844] -> "/home/jonathan/Qos/debootstrap//var/cache/apt/archives/partial/dbus_1.12.20-1ubuntu1_arm64.deb" [1]
2021-03-27 11:01:42 URL:http://ports.ubuntu.com/ubuntu-ports/pool/main/d/debconf/debconf_1.5.74_all.deb [121400/121400] -> "/home/jonathan/Qos/debootstrap//var/cache/apt/archives/partial/debconf_1.5.74_all.deb" [1]
2021-03-27 11:01:42 URL:http://ports.ubuntu.com/ubuntu-ports/pool/main/d/debconf/debconf-i18n_1.5.74_all.deb [205956/205956] -> "/home/jonathan/Qos/debootstrap//var/cache/apt/archives/partial/debconf-i18n_1.5.74_all.deb" [1]
2021-03-27 11:01:42 URL:http://ports.ubuntu.com/ubuntu-ports/pool/main/d/debianutils/debianutils_4.11.2_arm64.deb [85144/85144] -> "/home/jonathan/Qos/debootstrap//var/cache/apt/archives/partial/debianutils_4.11.2_arm64.deb" [1]
2021-03-27 11:01:43 URL:http://ports.ubuntu.com/ubuntu-ports/pool/main/d/diffutils/diffutils_3.7-3ubuntu1_arm64.deb [186260/186260] -> "/home/jonathan/Qos/debootstrap//var/cache/apt/archives/partial/diffutils_1%3a3.7-3ubuntu1_arm64.deb" [1]
2021-03-27 11:01:43 URL:http://ports.ubuntu.com/ubuntu-ports/pool/main/d/distro-info-data/distro-info-data_0.44ubuntu1_all.deb [4560/4560] -> "/home/jonathan/Qos/debootstrap//var/cache/apt/archives/partial/distro-info-data_0.44ubuntu1_all.deb" [1]
2021-03-27 11:01:43 URL:http://ports.ubuntu.com/ubuntu-ports/pool/main/l/lvm2/dmsetup_1.02.167-1ubuntu3_arm64.deb [68532/68532] -> "/home/jonathan/Qos/debootstrap//var/cache/apt/archives/partial/dmsetup_2%3a1.02.167-1ubuntu3_arm64.deb" [1]
2021-03-27 11:01:43 URL:http://ports.ubuntu.com/ubuntu-ports/pool/main/d/dpkg/dpkg_1.20.5ubuntu2_arm64.deb [1156188/1156188] -> "/home/jonathan/Qos/debootstrap//var/cache/apt/archives/partial/dpkg_1.20.5ubuntu2_arm64.deb" [1]
2021-03-27 11:01:43 URL:http://ports.ubuntu.com/ubuntu-ports/pool/main/e/e2fsprogs/e2fsprogs_1.45.6-1ubuntu1_arm64.deb [504324/504324] -> "/home/jonathan/Qos/debootstrap//var/cache/apt/archives/partial/e2fsprogs_1.45.6-1ubuntu1_arm64.deb" [1]
2021-03-27 11:01:43 URL:http://ports.ubuntu.com/ubuntu-ports/pool/main/u/util-linux/eject_2.36-3ubuntu1_arm64.deb [37580/37580] -> "/home/jonathan/Qos/debootstrap//var/cache/apt/archives/partial/eject_2.36-3ubuntu1_arm64.deb" [1]
2021-03-27 11:01:44 URL:http://ports.ubuntu.com/ubuntu-ports/pool/main/f/file/file_5.38-5_arm64.deb [23344/23344] -> "/home/jonathan/Qos/debootstrap//var/cache/apt/archives/partial/file_1%3a5.38-5_arm64.deb" [1]
2021-03-27 11:01:44 URL:http://ports.ubuntu.com/ubuntu-ports/pool/main/f/findutils/findutils_4.7.0-1ubuntu2_arm64.deb [319940/319940] -> "/home/jonathan/Qos/debootstrap//var/cache/apt/archives/partial/findutils_4.7.0-1ubuntu2_arm64.deb" [1]
2021-03-27 11:01:44 URL:http://ports.ubuntu.com/ubuntu-ports/pool/main/g/gcc-10/gcc-10-base_10.2.0-13ubuntu1_arm64.deb [19368/19368] -> "/home/jonathan/Qos/debootstrap//var/cache/apt/archives/partial/gcc-10-base_10.2.0-13ubuntu1_arm64.deb" [1]
2021-03-27 11:01:44 URL:http://ports.ubuntu.com/ubuntu-ports/pool/main/g/gobject-introspection/gir1.2-glib-2.0_1.66.1-1_arm64.deb [136596/136596] -> "/home/jonathan/Qos/debootstrap//var/cache/apt/archives/partial/gir1.2-glib-2.0_1.66.1-1_arm64.deb" [1]
2021-03-27 11:01:44 URL:http://ports.ubuntu.com/ubuntu-ports/pool/main/g/gnupg2/gpgv_2.2.20-1ubuntu1_arm64.deb [183832/183832] -> "/home/jonathan/Qos/debootstrap//var/cache/apt/archives/partial/gpgv_2.2.20-1ubuntu1_arm64.deb" [1]
2021-03-27 11:01:44 URL:http://ports.ubuntu.com/ubuntu-ports/pool/main/g/grep/grep_3.4-1_arm64.deb [143436/143436] -> "/home/jonathan/Qos/debootstrap//var/cache/apt/archives/partial/grep_3.4-1_arm64.deb" [1]
2021-03-27 11:01:44 URL:http://ports.ubuntu.com/ubuntu-ports/pool/main/g/gzip/gzip_1.10-2ubuntu1_arm64.deb [92800/92800] -> "/home/jonathan/Qos/debootstrap//var/cache/apt/archives/partial/gzip_1.10-2ubuntu1_arm64.deb" [1]
2021-03-27 11:01:45 URL:http://ports.ubuntu.com/ubuntu-ports/pool/main/h/hostname/hostname_3.23_arm64.deb [11076/11076] -> "/home/jonathan/Qos/debootstrap//var/cache/apt/archives/partial/hostname_3.23_arm64.deb" [1]
2021-03-27 11:01:45 URL:http://ports.ubuntu.com/ubuntu-ports/pool/main/i/init-system-helpers/init_1.58_arm64.deb [6172/6172] -> "/home/jonathan/Qos/debootstrap//var/cache/apt/archives/partial/init_1.58_arm64.deb" [1]
2021-03-27 11:01:45 URL:http://ports.ubuntu.com/ubuntu-ports/pool/main/i/init-system-helpers/init-system-helpers_1.58_all.deb [38352/38352] -> "/home/jonathan/Qos/debootstrap//var/cache/apt/archives/partial/init-system-helpers_1.58_all.deb" [1]
2021-03-27 11:01:45 URL:http://ports.ubuntu.com/ubuntu-ports/pool/main/i/iproute2/iproute2_5.7.0-1ubuntu1_arm64.deb [852320/852320] -> "/home/jonathan/Qos/debootstrap//var/cache/apt/archives/partial/iproute2_5.7.0-1ubuntu1_arm64.deb" [1]
2021-03-27 11:01:45 URL:http://ports.ubuntu.com/ubuntu-ports/pool/main/i/iputils/iputils-ping_20200821-2_arm64.deb [40640/40640] -> "/home/jonathan/Qos/debootstrap//var/cache/apt/archives/partial/iputils-ping_3%3a20200821-2_arm64.deb" [1]
2021-03-27 11:01:45 URL:http://ports.ubuntu.com/ubuntu-ports/pool/main/i/isc-dhcp/isc-dhcp-client_4.4.1-2.1ubuntu9_arm64.deb [234492/234492] -> "/home/jonathan/Qos/debootstrap//var/cache/apt/archives/partial/isc-dhcp-client_4.4.1-2.1ubuntu9_arm64.deb" [1]
2021-03-27 11:01:46 URL:http://ports.ubuntu.com/ubuntu-ports/pool/main/i/isc-dhcp/isc-dhcp-common_4.4.1-2.1ubuntu9_arm64.deb [44964/44964] -> "/home/jonathan/Qos/debootstrap//var/cache/apt/archives/partial/isc-dhcp-common_4.4.1-2.1ubuntu9_arm64.deb" [1]
2021-03-27 11:01:46 URL:http://ports.ubuntu.com/ubuntu-ports/pool/main/k/kbd/kbd_2.0.4-4ubuntu4_arm64.deb [201944/201944] -> "/home/jonathan/Qos/debootstrap//var/cache/apt/archives/partial/kbd_2.0.4-4ubuntu4_arm64.deb" [1]
2021-03-27 11:01:46 URL:http://ports.ubuntu.com/ubuntu-ports/pool/main/c/console-setup/keyboard-configuration_1.195ubuntu2_all.deb [189540/189540] -> "/home/jonathan/Qos/debootstrap//var/cache/apt/archives/partial/keyboard-configuration_1.195ubuntu2_all.deb" [1]
2021-03-27 11:01:46 URL:http://ports.ubuntu.com/ubuntu-ports/pool/main/k/kmod/kmod_27+20200310-2ubuntu1_arm64.deb [89428/89428] -> "/home/jonathan/Qos/debootstrap//var/cache/apt/archives/partial/kmod_27+20200310-2ubuntu1_arm64.deb" [1]
2021-03-27 11:01:46 URL:http://ports.ubuntu.com/ubuntu-ports/pool/main/l/less/less_551-2_arm64.deb [119300/119300] -> "/home/jonathan/Qos/debootstrap//var/cache/apt/archives/partial/less_551-2_arm64.deb" [1]
2021-03-27 11:01:46 URL:http://ports.ubuntu.com/ubuntu-ports/pool/main/a/acl/libacl1_2.2.53-8_arm64.deb [17852/17852] -> "/home/jonathan/Qos/debootstrap//var/cache/apt/archives/partial/libacl1_2.2.53-8_arm64.deb" [1]
2021-03-27 11:01:46 URL:http://ports.ubuntu.com/ubuntu-ports/pool/main/a/apparmor/libapparmor1_3.0.0-0ubuntu1_arm64.deb [35192/35192] -> "/home/jonathan/Qos/debootstrap//var/cache/apt/archives/partial/libapparmor1_3.0.0-0ubuntu1_arm64.deb" [1]
2021-03-27 11:01:47 URL:http://ports.ubuntu.com/ubuntu-ports/pool/main/a/apt/libapt-pkg6.0_2.1.10_arm64.deb [767616/767616] -> "/home/jonathan/Qos/debootstrap//var/cache/apt/archives/partial/libapt-pkg6.0_2.1.10_arm64.deb" [1]
2021-03-27 11:01:47 URL:http://ports.ubuntu.com/ubuntu-ports/pool/main/a/argon2/libargon2-1_0~20171227-0.2build20.10.0_arm64.deb [18476/18476] -> "/home/jonathan/Qos/debootstrap//var/cache/apt/archives/partial/libargon2-1_0~20171227-0.2build20.10.0_arm64.deb" [1]
2021-03-27 11:01:47 URL:http://ports.ubuntu.com/ubuntu-ports/pool/main/l/linux-atm/libatm1_2.5.1-4_arm64.deb [21212/21212] -> "/home/jonathan/Qos/debootstrap//var/cache/apt/archives/partial/libatm1_1%3a2.5.1-4_arm64.deb" [1]
2021-03-27 11:01:47 URL:http://ports.ubuntu.com/ubuntu-ports/pool/main/a/attr/libattr1_2.4.48-5_arm64.deb [12488/12488] -> "/home/jonathan/Qos/debootstrap//var/cache/apt/archives/partial/libattr1_1%3a2.4.48-5_arm64.deb" [1]
2021-03-27 11:01:47 URL:http://ports.ubuntu.com/ubuntu-ports/pool/main/a/audit/libaudit-common_2.8.5-3ubuntu1_all.deb [4076/4076] -> "/home/jonathan/Qos/debootstrap//var/cache/apt/archives/partial/libaudit-common_1%3a2.8.5-3ubuntu1_all.deb" [1]
2021-03-27 11:01:47 URL:http://ports.ubuntu.com/ubuntu-ports/pool/main/a/audit/libaudit1_2.8.5-3ubuntu1_arm64.deb [38312/38312] -> "/home/jonathan/Qos/debootstrap//var/cache/apt/archives/partial/libaudit1_1%3a2.8.5-3ubuntu1_arm64.deb" [1]
2021-03-27 11:01:47 URL:http://ports.ubuntu.com/ubuntu-ports/pool/main/u/util-linux/libblkid1_2.36-3ubuntu1_arm64.deb [126216/126216] -> "/home/jonathan/Qos/debootstrap//var/cache/apt/archives/partial/libblkid1_2.36-3ubuntu1_arm64.deb" [1]
2021-03-27 11:01:48 URL:http://ports.ubuntu.com/ubuntu-ports/pool/main/libb/libbsd/libbsd0_0.10.0-1_arm64.deb [43736/43736] -> "/home/jonathan/Qos/debootstrap//var/cache/apt/archives/partial/libbsd0_0.10.0-1_arm64.deb" [1]
2021-03-27 11:01:48 URL:http://ports.ubuntu.com/ubuntu-ports/pool/main/b/bzip2/libbz2-1.0_1.0.8-4ubuntu2_arm64.deb [32748/32748] -> "/home/jonathan/Qos/debootstrap//var/cache/apt/archives/partial/libbz2-1.0_1.0.8-4ubuntu2_arm64.deb" [1]
2021-03-27 11:01:48 URL:http://ports.ubuntu.com/ubuntu-ports/pool/main/g/glibc/libc-bin_2.32-0ubuntu3_arm64.deb [504260/504260] -> "/home/jonathan/Qos/debootstrap//var/cache/apt/archives/partial/libc-bin_2.32-0ubuntu3_arm64.deb" [1]
2021-03-27 11:01:49 URL:http://ports.ubuntu.com/ubuntu-ports/pool/main/g/glibc/libc6_2.32-0ubuntu3_arm64.deb [2251864/2251864] -> "/home/jonathan/Qos/debootstrap//var/cache/apt/archives/partial/libc6_2.32-0ubuntu3_arm64.deb" [1]
2021-03-27 11:01:49 URL:http://ports.ubuntu.com/ubuntu-ports/pool/main/libc/libcap-ng/libcap-ng0_0.7.9-2.2_arm64.deb [10556/10556] -> "/home/jonathan/Qos/debootstrap//var/cache/apt/archives/partial/libcap-ng0_0.7.9-2.2_arm64.deb" [1]
2021-03-27 11:01:49 URL:http://ports.ubuntu.com/ubuntu-ports/pool/main/libc/libcap2/libcap2_2.43-1_arm64.deb [17188/17188] -> "/home/jonathan/Qos/debootstrap//var/cache/apt/archives/partial/libcap2_1%3a2.43-1_arm64.deb" [1]
2021-03-27 11:01:49 URL:http://ports.ubuntu.com/ubuntu-ports/pool/main/libc/libcap2/libcap2-bin_2.43-1_arm64.deb [24080/24080] -> "/home/jonathan/Qos/debootstrap//var/cache/apt/archives/partial/libcap2-bin_1%3a2.43-1_arm64.deb" [1]
2021-03-27 11:01:49 URL:http://ports.ubuntu.com/ubuntu-ports/pool/main/e/e2fsprogs/libcom-err2_1.45.6-1ubuntu1_arm64.deb [9336/9336] -> "/home/jonathan/Qos/debootstrap//var/cache/apt/archives/partial/libcom-err2_1.45.6-1ubuntu1_arm64.deb" [1]
2021-03-27 11:01:49 URL:http://ports.ubuntu.com/ubuntu-ports/pool/main/libx/libxcrypt/libcrypt1_4.4.16-1ubuntu1_arm64.deb [82540/82540] -> "/home/jonathan/Qos/debootstrap//var/cache/apt/archives/partial/libcrypt1_1%3a4.4.16-1ubuntu1_arm64.deb" [1]
2021-03-27 11:01:49 URL:http://ports.ubuntu.com/ubuntu-ports/pool/main/c/cryptsetup/libcryptsetup12_2.3.3-1ubuntu6_arm64.deb [176492/176492] -> "/home/jonathan/Qos/debootstrap//var/cache/apt/archives/partial/libcryptsetup12_2%3a2.3.3-1ubuntu6_arm64.deb" [1]
2021-03-27 11:01:50 URL:http://ports.ubuntu.com/ubuntu-ports/pool/main/d/db5.3/libdb5.3_5.3.28+dfsg1-0.6ubuntu3_arm64.deb [619848/619848] -> "/home/jonathan/Qos/debootstrap//var/cache/apt/archives/partial/libdb5.3_5.3.28+dfsg1-0.6ubuntu3_arm64.deb" [1]
2021-03-27 11:01:50 URL:http://ports.ubuntu.com/ubuntu-ports/pool/main/d/dbus/libdbus-1-3_1.12.20-1ubuntu1_arm64.deb [172992/172992] -> "/home/jonathan/Qos/debootstrap//var/cache/apt/archives/partial/libdbus-1-3_1.12.20-1ubuntu1_arm64.deb" [1]
2021-03-27 11:01:50 URL:http://ports.ubuntu.com/ubuntu-ports/pool/main/c/cdebconf/libdebconfclient0_0.252ubuntu1_arm64.deb [6196/6196] -> "/home/jonathan/Qos/debootstrap//var/cache/apt/archives/partial/libdebconfclient0_0.252ubuntu1_arm64.deb" [1]
2021-03-27 11:01:50 URL:http://ports.ubuntu.com/ubuntu-ports/pool/main/l/lvm2/libdevmapper1.02.1_1.02.167-1ubuntu3_arm64.deb [110144/110144] -> "/home/jonathan/Qos/debootstrap//var/cache/apt/archives/partial/libdevmapper1.02.1_2%3a1.02.167-1ubuntu3_arm64.deb" [1]
2021-03-27 11:01:50 URL:http://ports.ubuntu.com/ubuntu-ports/pool/main/b/bind9-libs/libdns-export1110_9.11.19+dfsg-1ubuntu1_arm64.deb [681316/681316] -> "/home/jonathan/Qos/debootstrap//var/cache/apt/archives/partial/libdns-export1110_1%3a9.11.19+dfsg-1ubuntu1_arm64.deb" [1]
2021-03-27 11:01:50 URL:http://ports.ubuntu.com/ubuntu-ports/pool/main/e/elfutils/libelf1_0.181-1_arm64.deb [43444/43444] -> "/home/jonathan/Qos/debootstrap//var/cache/apt/archives/partial/libelf1_0.181-1_arm64.deb" [1]
2021-03-27 11:01:51 URL:http://ports.ubuntu.com/ubuntu-ports/pool/main/libe/libestr/libestr0_0.1.10-2.1build1_arm64.deb [7476/7476] -> "/home/jonathan/Qos/debootstrap//var/cache/apt/archives/partial/libestr0_0.1.10-2.1build1_arm64.deb" [1]
2021-03-27 11:01:51 URL:http://ports.ubuntu.com/ubuntu-ports/pool/main/e/expat/libexpat1_2.2.9-1build1_arm64.deb [61344/61344] -> "/home/jonathan/Qos/debootstrap//var/cache/apt/archives/partial/libexpat1_2.2.9-1build1_arm64.deb" [1]
2021-03-27 11:01:51 URL:http://ports.ubuntu.com/ubuntu-ports/pool/main/e/e2fsprogs/libext2fs2_1.45.6-1ubuntu1_arm64.deb [177216/177216] -> "/home/jonathan/Qos/debootstrap//var/cache/apt/archives/partial/libext2fs2_1.45.6-1ubuntu1_arm64.deb" [1]
2021-03-27 11:01:51 URL:http://ports.ubuntu.com/ubuntu-ports/pool/main/libf/libfastjson/libfastjson4_0.99.8-2build1_arm64.deb [19560/19560] -> "/home/jonathan/Qos/debootstrap//var/cache/apt/archives/partial/libfastjson4_0.99.8-2build1_arm64.deb" [1]
2021-03-27 11:01:51 URL:http://ports.ubuntu.com/ubuntu-ports/pool/main/libf/libffi/libffi8ubuntu1_3.4~20200819gead65ca871-0ubuntu3_arm64.deb [17396/17396] -> "/home/jonathan/Qos/debootstrap//var/cache/apt/archives/partial/libffi8ubuntu1_3.4~20200819gead65ca871-0ubuntu3_arm64.deb" [1]
2021-03-27 11:01:51 URL:http://ports.ubuntu.com/ubuntu-ports/pool/main/f/fribidi/libfribidi0_1.0.8-2_arm64.deb [23696/23696] -> "/home/jonathan/Qos/debootstrap//var/cache/apt/archives/partial/libfribidi0_1.0.8-2_arm64.deb" [1]
2021-03-27 11:01:51 URL:http://ports.ubuntu.com/ubuntu-ports/pool/main/g/gcc-10/libgcc-s1_10.2.0-13ubuntu1_arm64.deb [34592/34592] -> "/home/jonathan/Qos/debootstrap//var/cache/apt/archives/partial/libgcc-s1_10.2.0-13ubuntu1_arm64.deb" [1]
2021-03-27 11:01:51 URL:http://ports.ubuntu.com/ubuntu-ports/pool/main/libg/libgcrypt20/libgcrypt20_1.8.5-5ubuntu2_arm64.deb [349864/349864] -> "/home/jonathan/Qos/debootstrap//var/cache/apt/archives/partial/libgcrypt20_1.8.5-5ubuntu2_arm64.deb" [1]
2021-03-27 11:01:52 URL:http://ports.ubuntu.com/ubuntu-ports/pool/main/g/gobject-introspection/libgirepository-1.0-1_1.66.1-1_arm64.deb [77040/77040] -> "/home/jonathan/Qos/debootstrap//var/cache/apt/archives/partial/libgirepository-1.0-1_1.66.1-1_arm64.deb" [1]
2021-03-27 11:01:52 URL:http://ports.ubuntu.com/ubuntu-ports/pool/main/g/glib2.0/libglib2.0-0_2.66.1-2_arm64.deb [1214032/1214032] -> "/home/jonathan/Qos/debootstrap//var/cache/apt/archives/partial/libglib2.0-0_2.66.1-2_arm64.deb" [1]
2021-03-27 11:01:52 URL:http://ports.ubuntu.com/ubuntu-ports/pool/main/g/glib2.0/libglib2.0-data_2.66.1-2_all.deb [6444/6444] -> "/home/jonathan/Qos/debootstrap//var/cache/apt/archives/partial/libglib2.0-data_2.66.1-2_all.deb" [1]
2021-03-27 11:01:52 URL:http://ports.ubuntu.com/ubuntu-ports/pool/main/g/gmp/libgmp10_6.2.0+dfsg-6ubuntu1_arm64.deb [215820/215820] -> "/home/jonathan/Qos/debootstrap//var/cache/apt/archives/partial/libgmp10_2%3a6.2.0+dfsg-6ubuntu1_arm64.deb" [1]
2021-03-27 11:01:53 URL:http://ports.ubuntu.com/ubuntu-ports/pool/main/g/gnutls28/libgnutls30_3.6.15-4ubuntu2_arm64.deb [698112/698112] -> "/home/jonathan/Qos/debootstrap//var/cache/apt/archives/partial/libgnutls30_3.6.15-4ubuntu2_arm64.deb" [1]
2021-03-27 11:01:53 URL:http://ports.ubuntu.com/ubuntu-ports/pool/main/libg/libgpg-error/libgpg-error0_1.38-2_arm64.deb [59844/59844] -> "/home/jonathan/Qos/debootstrap//var/cache/apt/archives/partial/libgpg-error0_1.38-2_arm64.deb" [1]
2021-03-27 11:01:53 URL:http://ports.ubuntu.com/ubuntu-ports/pool/main/k/krb5/libgssapi-krb5-2_1.17-10_arm64.deb [113312/113312] -> "/home/jonathan/Qos/debootstrap//var/cache/apt/archives/partial/libgssapi-krb5-2_1.17-10_arm64.deb" [1]
2021-03-27 11:01:53 URL:http://ports.ubuntu.com/ubuntu-ports/pool/main/n/nettle/libhogweed6_3.6-2_arm64.deb [190288/190288] -> "/home/jonathan/Qos/debootstrap//var/cache/apt/archives/partial/libhogweed6_3.6-2_arm64.deb" [1]
